<?xml version="1.0" encoding="UTF-8"?>
<!-- Generated by org.testng.reporters.JUnitXMLReporter -->
<testsuite ignored="0" hostname="Admin-PC" failures="0" tests="1" name="only1class" time="0.135" errors="0" timestamp="2022-03-04T00:57:27 IST">
  <testcase classname="tests.VerifyHeadersOfApplication" name="@BeforeTest launchBrowser" time="-1.646335646719E9">
    <failure type="org.testng.TestNGException" message="
Parameter &amp;apos;browser&amp;apos; is required by BeforeTest on method launchBrowser but has not been marked @Optional or defined
in C:\Users\Admin\eclipse-workspace\ActiTimeApp\testng.xml">
      <![CDATA[org.testng.TestNGException: 
Parameter 'browser' is required by BeforeTest on method launchBrowser but has not been marked @Optional or defined
in C:\Users\Admin\eclipse-workspace\ActiTimeApp\testng.xml
... Removed 21 stack frames]]>
    </failure>
  </testcase> <!-- @BeforeTest launchBrowser -->
  <testcase classname="tests.VerifyHeadersOfApplication" name="@BeforeClass createPOMObject" time="-1.646335646772E9">
    <skipped/>
  </testcase> <!-- @BeforeClass createPOMObject -->
  <testcase classname="tests.VerifyHeadersOfApplication" name="@BeforeMethod loginToApplication" time="-1.646335646803E9">
    <skipped/>
  </testcase> <!-- @BeforeMethod loginToApplication -->
  <testcase classname="tests.VerifyHeadersOfApplication" name="@AfterMethod logoutFromApplication" time="-1.646335646823E9">
    <skipped/>
  </testcase> <!-- @AfterMethod logoutFromApplication -->
  <testcase classname="tests.VerifyHeadersOfApplication" name="@AfterClass clearPOMObject" time="-1.64633564683E9">
    <skipped/>
  </testcase> <!-- @AfterClass clearPOMObject -->
  <testcase classname="tests.VerifyHeadersOfApplication" name="@AfterTest closedBrowser" time="-1.646335646839E9">
    <skipped/>
  </testcase> <!-- @AfterTest closedBrowser -->
  <testcase classname="tests.VerifyHeadersOfApplication" name="toVerifyTaskButton" time="0.0">
    <skipped/>
  </testcase> <!-- toVerifyTaskButton -->
</testsuite> <!-- only1class -->
