<?xml version="1.0" encoding="UTF-8"?>
<!-- Generated by org.testng.reporters.JUnitXMLReporter -->
<testsuite ignored="3" hostname="Admin-PC" failures="0" tests="4" name="Test" time="0.232" errors="0" timestamp="2022-03-05T09:45:52 IST">
  <testcase classname="tests.VerifyHeadersOfApplication" name="@BeforeTest launchBrowser" time="-1.646453752408E9">
    <failure type="org.testng.TestNGException" message="
Parameter &amp;apos;browser&amp;apos; is required by BeforeTest on method launchBrowser but has not been marked @Optional or defined
in C:\Users\Admin\eclipse-workspace\ActiTimeApp\RT1RegressionSuit.xml">
      <![CDATA[org.testng.TestNGException: 
Parameter 'browser' is required by BeforeTest on method launchBrowser but has not been marked @Optional or defined
in C:\Users\Admin\eclipse-workspace\ActiTimeApp\RT1RegressionSuit.xml
... Removed 21 stack frames]]>
    </failure>
  </testcase> <!-- @BeforeTest launchBrowser -->
  <testcase classname="tests.TestKeywords" name="@BeforeClass beforeClass" time="-1.64645375247E9">
    <skipped/>
  </testcase> <!-- @BeforeClass beforeClass -->
  <testcase classname="tests.TestKeywords" name="@BeforeMethod beforeMethod" time="-1.646453752497E9">
    <skipped/>
  </testcase> <!-- @BeforeMethod beforeMethod -->
  <testcase classname="tests.TestKeywords" name="@AfterMethod afterMethod" time="-1.646453752514E9">
    <skipped/>
  </testcase> <!-- @AfterMethod afterMethod -->
  <testcase classname="tests.TestKeywords" name="@BeforeMethod beforeMethod" time="-1.646453752516E9">
    <skipped/>
  </testcase> <!-- @BeforeMethod beforeMethod -->
  <testcase classname="tests.TestKeywords" name="@AfterMethod afterMethod" time="-1.646453752534E9">
    <skipped/>
  </testcase> <!-- @AfterMethod afterMethod -->
  <testcase classname="tests.TestKeywords" name="@BeforeMethod beforeMethod" time="-1.646453752546E9">
    <skipped/>
  </testcase> <!-- @BeforeMethod beforeMethod -->
  <testcase classname="tests.TestKeywords" name="@AfterMethod afterMethod" time="-1.646453752562E9">
    <skipped/>
  </testcase> <!-- @AfterMethod afterMethod -->
  <testcase classname="tests.TestKeywords" name="@AfterClass afterClass" time="-1.646453752565E9">
    <skipped/>
  </testcase> <!-- @AfterClass afterClass -->
  <testcase classname="tests.VerifyHeadersOfApplication" name="@BeforeClass createPOMObject" time="-1.646453752573E9">
    <skipped/>
  </testcase> <!-- @BeforeClass createPOMObject -->
  <testcase classname="tests.VerifyHeadersOfApplication" name="@BeforeMethod loginToApplication" time="-1.646453752576E9">
    <skipped/>
  </testcase> <!-- @BeforeMethod loginToApplication -->
  <testcase classname="tests.VerifyHeadersOfApplication" name="@AfterMethod logoutFromApplication" time="-1.646453752594E9">
    <skipped/>
  </testcase> <!-- @AfterMethod logoutFromApplication -->
  <testcase classname="tests.VerifyHeadersOfApplication" name="@AfterClass clearPOMObject" time="-1.646453752597E9">
    <skipped/>
  </testcase> <!-- @AfterClass clearPOMObject -->
  <testcase classname="tests.TestKeywords" name="@AfterTest afterTest1" time="-1.6464537526E9">
    <skipped/>
  </testcase> <!-- @AfterTest afterTest1 -->
  <testcase classname="tests.VerifyHeadersOfApplication" name="@AfterTest closedBrowser" time="-1.646453752602E9">
    <skipped/>
  </testcase> <!-- @AfterTest closedBrowser -->
  <testcase classname="tests.TestKeywords" name="testA" time="0.0">
    <skipped/>
  </testcase> <!-- testA -->
  <testcase classname="tests.TestKeywords" name="testA" time="0.0">
    <skipped/>
  </testcase> <!-- testA -->
  <testcase classname="tests.TestKeywords" name="testX" time="0.0">
    <skipped/>
  </testcase> <!-- testX -->
  <testcase classname="tests.VerifyHeadersOfApplication" name="toVerifyTaskButton" time="0.0">
    <skipped/>
  </testcase> <!-- toVerifyTaskButton -->
  <testcase classname="tests.TestKeywords" name="testD" time="0.0">
    <ignored/>
  </testcase> <!-- testD -->
  <testcase classname="tests.TestKeywords" name="testB" time="0.0">
    <ignored/>
  </testcase> <!-- testB -->
  <testcase classname="tests.TestKeywords" name="testC" time="0.0">
    <ignored/>
  </testcase> <!-- testC -->
</testsuite> <!-- Test -->
